action: GLOB, msg: packaging
cwd: /home/catapult/quarantine/back_compatible_cornichon/Cornichon
cmd: /usr/bin/python setup.py sdist --formats=zip --dist-dir .tox/dist
running sdist
running egg_info
writing cornichon.egg-info/PKG-INFO
writing top-level names to cornichon.egg-info/top_level.txt
writing dependency_links to cornichon.egg-info/dependency_links.txt
package init file 'cornichon/cpp/__init__.py' not found (or not a regular file)
package init file 'cornichon/vb/__init__.py' not found (or not a regular file)
package init file 'cornichon/cs/__init__.py' not found (or not a regular file)
package init file 'cornichon/py/__init__.py' not found (or not a regular file)
reading manifest file 'cornichon.egg-info/SOURCES.txt'
writing manifest file 'cornichon.egg-info/SOURCES.txt'
running check
creating cornichon-0.9.5
creating cornichon-0.9.5/cornichon
creating cornichon-0.9.5/cornichon.egg-info
creating cornichon-0.9.5/cornichon/cpp
creating cornichon-0.9.5/cornichon/cs
creating cornichon-0.9.5/cornichon/py
creating cornichon-0.9.5/cornichon/vb
copying files to cornichon-0.9.5...
copying LICENSE -> cornichon-0.9.5
copying README.md -> cornichon-0.9.5
copying setup.py -> cornichon-0.9.5
copying cornichon/__init__.py -> cornichon-0.9.5/cornichon
copying cornichon/common.py -> cornichon-0.9.5/cornichon
copying cornichon/cornichon.py -> cornichon-0.9.5/cornichon
copying cornichon/gherkin.py -> cornichon-0.9.5/cornichon
copying cornichon.egg-info/PKG-INFO -> cornichon-0.9.5/cornichon.egg-info
copying cornichon.egg-info/SOURCES.txt -> cornichon-0.9.5/cornichon.egg-info
copying cornichon.egg-info/dependency_links.txt -> cornichon-0.9.5/cornichon.egg-info
copying cornichon.egg-info/top_level.txt -> cornichon-0.9.5/cornichon.egg-info
copying cornichon/cpp/cppscenarios.py -> cornichon-0.9.5/cornichon/cpp
copying cornichon/cpp/cppunittest.py -> cornichon-0.9.5/cornichon/cpp
copying cornichon/cpp/cpputils.py -> cornichon-0.9.5/cornichon/cpp
copying cornichon/cpp/googletest.py -> cornichon-0.9.5/cornichon/cpp
copying cornichon/cs/csscenarios.py -> cornichon-0.9.5/cornichon/cs
copying cornichon/cs/csutils.py -> cornichon-0.9.5/cornichon/cs
copying cornichon/cs/nunit.py -> cornichon-0.9.5/cornichon/cs
copying cornichon/cs/unittesting.py -> cornichon-0.9.5/cornichon/cs
copying cornichon/py/pyscenarios.py -> cornichon-0.9.5/cornichon/py
copying cornichon/py/pytests.py -> cornichon-0.9.5/cornichon/py
copying cornichon/py/pyunit_tests.py -> cornichon-0.9.5/cornichon/py
copying cornichon/py/pyutils.py -> cornichon-0.9.5/cornichon/py
copying cornichon/vb/nunit.py -> cornichon-0.9.5/cornichon/vb
copying cornichon/vb/unittesting.py -> cornichon-0.9.5/cornichon/vb
copying cornichon/vb/vbscenarios.py -> cornichon-0.9.5/cornichon/vb
copying cornichon/vb/vbutils.py -> cornichon-0.9.5/cornichon/vb
Writing cornichon-0.9.5/setup.cfg
creating '.tox/dist/cornichon-0.9.5.zip' and adding 'cornichon-0.9.5' to it
adding 'cornichon-0.9.5'
adding 'cornichon-0.9.5/cornichon.egg-info'
adding 'cornichon-0.9.5/cornichon'
adding 'cornichon-0.9.5/README.md'
adding 'cornichon-0.9.5/LICENSE'
adding 'cornichon-0.9.5/PKG-INFO'
adding 'cornichon-0.9.5/setup.py'
adding 'cornichon-0.9.5/setup.cfg'
adding 'cornichon-0.9.5/cornichon.egg-info/SOURCES.txt'
adding 'cornichon-0.9.5/cornichon.egg-info/PKG-INFO'
adding 'cornichon-0.9.5/cornichon.egg-info/top_level.txt'
adding 'cornichon-0.9.5/cornichon.egg-info/dependency_links.txt'
adding 'cornichon-0.9.5/cornichon/cpp'
adding 'cornichon-0.9.5/cornichon/vb'
adding 'cornichon-0.9.5/cornichon/cs'
adding 'cornichon-0.9.5/cornichon/py'
adding 'cornichon-0.9.5/cornichon/__init__.py'
adding 'cornichon-0.9.5/cornichon/common.py'
adding 'cornichon-0.9.5/cornichon/cornichon.py'
adding 'cornichon-0.9.5/cornichon/gherkin.py'
adding 'cornichon-0.9.5/cornichon/cpp/cppscenarios.py'
adding 'cornichon-0.9.5/cornichon/cpp/googletest.py'
adding 'cornichon-0.9.5/cornichon/cpp/cppunittest.py'
adding 'cornichon-0.9.5/cornichon/cpp/cpputils.py'
adding 'cornichon-0.9.5/cornichon/vb/nunit.py'
adding 'cornichon-0.9.5/cornichon/vb/vbutils.py'
adding 'cornichon-0.9.5/cornichon/vb/vbscenarios.py'
adding 'cornichon-0.9.5/cornichon/vb/unittesting.py'
adding 'cornichon-0.9.5/cornichon/cs/nunit.py'
adding 'cornichon-0.9.5/cornichon/cs/csutils.py'
adding 'cornichon-0.9.5/cornichon/cs/csscenarios.py'
adding 'cornichon-0.9.5/cornichon/cs/unittesting.py'
adding 'cornichon-0.9.5/cornichon/py/pyutils.py'
adding 'cornichon-0.9.5/cornichon/py/pytests.py'
adding 'cornichon-0.9.5/cornichon/py/pyscenarios.py'
adding 'cornichon-0.9.5/cornichon/py/pyunit_tests.py'
removing 'cornichon-0.9.5' (and everything under it)
